   0  $accept : programa $end

   1  programa : nombre_programa '{' list_sentencia '}'
   2           | nombre_programa '{' list_sentencia '}' '}'
   3           | nombre_programa list_sentencia '}'
   4           | nombre_programa '{' list_sentencia
   5           | nombre_programa list_sentencia
   6           | '{' list_sentencia '}'

   7  nombre_programa : ID

   8  declaracion_funcion : header_funcion parametros_formales ')' '{' list_sentencia '}'

   9  header_funcion : tipo ID '('
  10                 | tipo error

  11  list_sentencia :
  12                 | list_sentencia sentencia

  13  sentencia : sentencia_declarativa punto_y_coma
  14            | sentencia_ejecutable punto_y_coma
  15            | declaracion_funcion

  16  punto_y_coma : ';'
  17               | error

  18  sentencia_declarativa : tipo list_vars

  19  parametros_formales : parametro_formal
  20                      | parametros_formales ',' parametro_formal

  21  parametro_formal : semantica tipo ID
  22                   | tipo ID
  23                   | semantica tipo error
  24                   | tipo error
  25                   | semantica error ID
  26                   | error ID

  27  semantica : CR

  28  sentencia_return : RETURN '(' expresion ')'

  29  tipo : ULONG

  30  list_ctes : CTE
  31            | list_ctes ',' CTE
  32            | list_ctes CTE

  33  list_vars_mix : ID
  34                | list_vars_mix ',' ID
  35                | ID '.' ID
  36                | list_vars_mix ',' ID '.' ID
  37                | list_vars_mix ID
  38                | list_vars_mix ID '.' ID

  39  list_vars : ID
  40            | list_vars ',' ID
  41            | list_vars ID

  42  cuerpo_ejecutable : bloque_ejecutable
  43                    | sentencia_ejecutable_simple

  44  sentencia_ejecutable_simple : asignacion_simple
  45                              | asignacion_multiple
  46                              | sentencia_return
  47                              | sentencia_print

  48  sentencia_ejecutable : sentencia_if
  49                       | asignacion_simple
  50                       | asignacion_multiple
  51                       | sentencia_return
  52                       | expresion_lambda
  53                       | sentencia_while
  54                       | sentencia_print

  55  bloque_ejecutable : '{' lista_sentencias_ejecutable '}'
  56                    | '{' '}'

  57  lista_sentencias_ejecutable : lista_sentencias_ejecutable sentencia_ejecutable punto_y_coma
  58                              | sentencia_ejecutable punto_y_coma

  59  sentencia_if : if condicion_if cuerpo_ejecutable else cuerpo_ejecutable end_if
  60               | if condicion_if cuerpo_ejecutable end_if

  61  sentencia_print : PRINT '(' CADENA ')'
  62                  | PRINT '(' expresion ')'
  63                  | PRINT '(' ')'

  64  sentencia_while : while condicion_while do cuerpo_ejecutable

  65  do : DO
  66     |

  67  else : ELSE

  68  if : IF

  69  while : WHILE

  70  end_if : ENDIF
  71         |

  72  condicion_if : '(' condicion ')'
  73               | condicion ')'
  74               | '(' condicion
  75               | condicion

  76  condicion_while : '(' condicion ')'
  77                  | condicion ')'
  78                  | '(' condicion
  79                  | condicion

  80  parametros_reales : parametro_real
  81                    | parametros_reales ',' parametro_real
  82                    | error

  83  parametro_real : expresion FLECHA ID
  84                 | expresion FLECHA error
  85                 | expresion ID

  86  condicion : expresion comp expresion
  87            | expresion error expresion ')'

  88  comp : EQ
  89       | GEQ
  90       | LEQ
  91       | NEQ
  92       | '>'
  93       | '<'
  94       | '='
  95       | '=' '<'
  96       | '=' '>'
  97       | '!' '='

  98  asignacion_simple : var_asignacion_simple ASIG expresion

  99  var_asignacion_simple : ID
 100                        | ID '.' ID

 101  asignacion_multiple : list_vars_mix '=' list_ctes

 102  header_lambda : '(' tipo ID ')'

 103  $$1 :

 104  expresion_lambda : header_lambda bloque_ejecutable $$1 '(' factor_lambda ')'

 105  factor_lambda : ID
 106                | CTE
 107                | '-' CTE

 108  expresion : expresion '+' termino
 109            | expresion '-' termino
 110            | termino
 111            | error '+' termino
 112            | expresion '+' error
 113            | error '-' termino
 114            | expresion '-' error
 115            | error '+' error
 116            | error '-' error

 117  termino : termino '*' factor
 118          | termino '/' factor
 119          | error '*' factor
 120          | termino '*' error
 121          | error '/' factor
 122          | termino '/' error
 123          | error '*' error
 124          | error '/' error
 125          | factor

 126  factor : ID
 127         | CTE
 128         | ID '.' ID
 129         | inicio_llamado parametros_reales ')'
 130         | '-' CTE
 131         | TRUNC '(' CTE ')'
 132         | TRUNC '(' CTE error
 133         | TRUNC error CTE ')'
 134         | TRUNC error CTE error

 135  inicio_llamado : ID '('
 136                 | ID '.' ID '('

state 0
	$accept : . programa $end  (0)

	ID  shift 1
	'{'  shift 2
	.  error

	programa  goto 3
	nombre_programa  goto 4


state 1
	nombre_programa : ID .  (7)

	.  reduce 7


state 2
	programa : '{' . list_sentencia '}'  (6)
	list_sentencia : .  (11)

	.  reduce 11

	list_sentencia  goto 5


state 3
	$accept : programa . $end  (0)

	$end  accept


state 4
	programa : nombre_programa . '{' list_sentencia '}'  (1)
	programa : nombre_programa . '{' list_sentencia '}' '}'  (2)
	programa : nombre_programa . list_sentencia '}'  (3)
	programa : nombre_programa . '{' list_sentencia  (4)
	programa : nombre_programa . list_sentencia  (5)
	list_sentencia : .  (11)

	'{'  shift 6
	$end  reduce 11
	WHILE  reduce 11
	IF  reduce 11
	PRINT  reduce 11
	RETURN  reduce 11
	ID  reduce 11
	ULONG  reduce 11
	'}'  reduce 11
	'('  reduce 11

	list_sentencia  goto 7


state 5
	programa : '{' list_sentencia . '}'  (6)
	list_sentencia : list_sentencia . sentencia  (12)

	WHILE  shift 8
	IF  shift 9
	PRINT  shift 10
	RETURN  shift 11
	ID  shift 12
	ULONG  shift 13
	'}'  shift 14
	'('  shift 15
	.  error

	declaracion_funcion  goto 16
	header_funcion  goto 17
	tipo  goto 18
	sentencia  goto 19
	sentencia_declarativa  goto 20
	sentencia_ejecutable  goto 21
	sentencia_return  goto 22
	list_vars_mix  goto 23
	asignacion_simple  goto 24
	asignacion_multiple  goto 25
	sentencia_print  goto 26
	sentencia_if  goto 27
	expresion_lambda  goto 28
	sentencia_while  goto 29
	if  goto 30
	while  goto 31
	var_asignacion_simple  goto 32
	header_lambda  goto 33


state 6
	programa : nombre_programa '{' . list_sentencia '}'  (1)
	programa : nombre_programa '{' . list_sentencia '}' '}'  (2)
	programa : nombre_programa '{' . list_sentencia  (4)
	list_sentencia : .  (11)

	.  reduce 11

	list_sentencia  goto 34


state 7
	programa : nombre_programa list_sentencia . '}'  (3)
	programa : nombre_programa list_sentencia .  (5)
	list_sentencia : list_sentencia . sentencia  (12)

	WHILE  shift 8
	IF  shift 9
	PRINT  shift 10
	RETURN  shift 11
	ID  shift 12
	ULONG  shift 13
	'}'  shift 35
	'('  shift 15
	$end  reduce 5

	declaracion_funcion  goto 16
	header_funcion  goto 17
	tipo  goto 18
	sentencia  goto 19
	sentencia_declarativa  goto 20
	sentencia_ejecutable  goto 21
	sentencia_return  goto 22
	list_vars_mix  goto 23
	asignacion_simple  goto 24
	asignacion_multiple  goto 25
	sentencia_print  goto 26
	sentencia_if  goto 27
	expresion_lambda  goto 28
	sentencia_while  goto 29
	if  goto 30
	while  goto 31
	var_asignacion_simple  goto 32
	header_lambda  goto 33


state 8
	while : WHILE .  (69)

	.  reduce 69


state 9
	if : IF .  (68)

	.  reduce 68


state 10
	sentencia_print : PRINT . '(' CADENA ')'  (61)
	sentencia_print : PRINT . '(' expresion ')'  (62)
	sentencia_print : PRINT . '(' ')'  (63)

	'('  shift 36
	.  error


state 11
	sentencia_return : RETURN . '(' expresion ')'  (28)

	'('  shift 37
	.  error


state 12
	list_vars_mix : ID .  (33)
	list_vars_mix : ID . '.' ID  (35)
	var_asignacion_simple : ID .  (99)
	var_asignacion_simple : ID . '.' ID  (100)

	'.'  shift 38
	ID  reduce 33
	ASIG  reduce 99
	','  reduce 33
	'='  reduce 33


state 13
	tipo : ULONG .  (29)

	.  reduce 29


state 14
	programa : '{' list_sentencia '}' .  (6)

	.  reduce 6


state 15
	header_lambda : '(' . tipo ID ')'  (102)

	ULONG  shift 13
	.  error

	tipo  goto 39


state 16
	sentencia : declaracion_funcion .  (15)

	.  reduce 15


state 17
	declaracion_funcion : header_funcion . parametros_formales ')' '{' list_sentencia '}'  (8)

	error  shift 40
	CR  shift 41
	ULONG  shift 13
	.  error

	parametros_formales  goto 42
	tipo  goto 43
	parametro_formal  goto 44
	semantica  goto 45


state 18
	header_funcion : tipo . ID '('  (9)
	header_funcion : tipo . error  (10)
	sentencia_declarativa : tipo . list_vars  (18)

	error  shift 46
	ID  shift 47
	.  error

	list_vars  goto 48


state 19
	list_sentencia : list_sentencia sentencia .  (12)

	.  reduce 12


state 20
	sentencia : sentencia_declarativa . punto_y_coma  (13)

	error  shift 49
	';'  shift 50
	.  error

	punto_y_coma  goto 51


state 21
	sentencia : sentencia_ejecutable . punto_y_coma  (14)

	error  shift 49
	';'  shift 50
	.  error

	punto_y_coma  goto 52


state 22
	sentencia_ejecutable : sentencia_return .  (51)

	.  reduce 51


state 23
	list_vars_mix : list_vars_mix . ',' ID  (34)
	list_vars_mix : list_vars_mix . ',' ID '.' ID  (36)
	list_vars_mix : list_vars_mix . ID  (37)
	list_vars_mix : list_vars_mix . ID '.' ID  (38)
	asignacion_multiple : list_vars_mix . '=' list_ctes  (101)

	ID  shift 53
	','  shift 54
	'='  shift 55
	.  error


state 24
	sentencia_ejecutable : asignacion_simple .  (49)

	.  reduce 49


state 25
	sentencia_ejecutable : asignacion_multiple .  (50)

	.  reduce 50


state 26
	sentencia_ejecutable : sentencia_print .  (54)

	.  reduce 54


state 27
	sentencia_ejecutable : sentencia_if .  (48)

	.  reduce 48


state 28
	sentencia_ejecutable : expresion_lambda .  (52)

	.  reduce 52


state 29
	sentencia_ejecutable : sentencia_while .  (53)

	.  reduce 53


state 30
	sentencia_if : if . condicion_if cuerpo_ejecutable else cuerpo_ejecutable end_if  (59)
	sentencia_if : if . condicion_if cuerpo_ejecutable end_if  (60)

	error  shift 56
	'-'  shift 57
	CTE  shift 58
	ID  shift 59
	TRUNC  shift 60
	'('  shift 61
	.  error

	expresion  goto 62
	condicion_if  goto 63
	condicion  goto 64
	termino  goto 65
	factor  goto 66
	inicio_llamado  goto 67


state 31
	sentencia_while : while . condicion_while do cuerpo_ejecutable  (64)

	error  shift 56
	'-'  shift 57
	CTE  shift 58
	ID  shift 59
	TRUNC  shift 60
	'('  shift 68
	.  error

	expresion  goto 62
	condicion_while  goto 69
	condicion  goto 70
	termino  goto 65
	factor  goto 66
	inicio_llamado  goto 67


state 32
	asignacion_simple : var_asignacion_simple . ASIG expresion  (98)

	ASIG  shift 71
	.  error


state 33
	expresion_lambda : header_lambda . bloque_ejecutable $$1 '(' factor_lambda ')'  (104)

	'{'  shift 72
	.  error

	bloque_ejecutable  goto 73


state 34
	programa : nombre_programa '{' list_sentencia . '}'  (1)
	programa : nombre_programa '{' list_sentencia . '}' '}'  (2)
	programa : nombre_programa '{' list_sentencia .  (4)
	list_sentencia : list_sentencia . sentencia  (12)

	WHILE  shift 8
	IF  shift 9
	PRINT  shift 10
	RETURN  shift 11
	ID  shift 12
	ULONG  shift 13
	'}'  shift 74
	'('  shift 15
	$end  reduce 4

	declaracion_funcion  goto 16
	header_funcion  goto 17
	tipo  goto 18
	sentencia  goto 19
	sentencia_declarativa  goto 20
	sentencia_ejecutable  goto 21
	sentencia_return  goto 22
	list_vars_mix  goto 23
	asignacion_simple  goto 24
	asignacion_multiple  goto 25
	sentencia_print  goto 26
	sentencia_if  goto 27
	expresion_lambda  goto 28
	sentencia_while  goto 29
	if  goto 30
	while  goto 31
	var_asignacion_simple  goto 32
	header_lambda  goto 33


state 35
	programa : nombre_programa list_sentencia '}' .  (3)

	.  reduce 3


state 36
	sentencia_print : PRINT '(' . CADENA ')'  (61)
	sentencia_print : PRINT '(' . expresion ')'  (62)
	sentencia_print : PRINT '(' . ')'  (63)

	error  shift 56
	'-'  shift 57
	CTE  shift 58
	ID  shift 59
	TRUNC  shift 60
	CADENA  shift 75
	')'  shift 76
	.  error

	expresion  goto 77
	termino  goto 65
	factor  goto 66
	inicio_llamado  goto 67


state 37
	sentencia_return : RETURN '(' . expresion ')'  (28)

	error  shift 56
	'-'  shift 57
	CTE  shift 58
	ID  shift 59
	TRUNC  shift 60
	.  error

	expresion  goto 78
	termino  goto 65
	factor  goto 66
	inicio_llamado  goto 67


state 38
	list_vars_mix : ID '.' . ID  (35)
	var_asignacion_simple : ID '.' . ID  (100)

	ID  shift 79
	.  error


state 39
	header_lambda : '(' tipo . ID ')'  (102)

	ID  shift 80
	.  error


state 40
	parametro_formal : error . ID  (26)

	ID  shift 81
	.  error


state 41
	semantica : CR .  (27)

	.  reduce 27


state 42
	declaracion_funcion : header_funcion parametros_formales . ')' '{' list_sentencia '}'  (8)
	parametros_formales : parametros_formales . ',' parametro_formal  (20)

	')'  shift 82
	','  shift 83
	.  error


state 43
	parametro_formal : tipo . ID  (22)
	parametro_formal : tipo . error  (24)

	error  shift 84
	ID  shift 85
	.  error


state 44
	parametros_formales : parametro_formal .  (19)

	.  reduce 19


state 45
	parametro_formal : semantica . tipo ID  (21)
	parametro_formal : semantica . tipo error  (23)
	parametro_formal : semantica . error ID  (25)

	error  shift 86
	ULONG  shift 13
	.  error

	tipo  goto 87


state 46
	header_funcion : tipo error .  (10)

	.  reduce 10


state 47
	header_funcion : tipo ID . '('  (9)
	list_vars : ID .  (39)

	'('  shift 88
	error  reduce 39
	ID  reduce 39
	';'  reduce 39
	','  reduce 39


state 48
	sentencia_declarativa : tipo list_vars .  (18)
	list_vars : list_vars . ',' ID  (40)
	list_vars : list_vars . ID  (41)

	ID  shift 89
	','  shift 90
	error  reduce 18
	';'  reduce 18


state 49
	punto_y_coma : error .  (17)

	.  reduce 17


state 50
	punto_y_coma : ';' .  (16)

	.  reduce 16


state 51
	sentencia : sentencia_declarativa punto_y_coma .  (13)

	.  reduce 13


state 52
	sentencia : sentencia_ejecutable punto_y_coma .  (14)

	.  reduce 14


state 53
	list_vars_mix : list_vars_mix ID .  (37)
	list_vars_mix : list_vars_mix ID . '.' ID  (38)

	'.'  shift 91
	ID  reduce 37
	','  reduce 37
	'='  reduce 37


state 54
	list_vars_mix : list_vars_mix ',' . ID  (34)
	list_vars_mix : list_vars_mix ',' . ID '.' ID  (36)

	ID  shift 92
	.  error


state 55
	asignacion_multiple : list_vars_mix '=' . list_ctes  (101)

	CTE  shift 93
	.  error

	list_ctes  goto 94


state 56
	expresion : error . '+' termino  (111)
	expresion : error . '-' termino  (113)
	expresion : error . '+' error  (115)
	expresion : error . '-' error  (116)
	termino : error . '*' factor  (119)
	termino : error . '/' factor  (121)
	termino : error . '*' error  (123)
	termino : error . '/' error  (124)

	'+'  shift 95
	'-'  shift 96
	'*'  shift 97
	'/'  shift 98
	.  error


state 57
	factor : '-' . CTE  (130)

	CTE  shift 99
	.  error


state 58
	factor : CTE .  (127)

	.  reduce 127


state 59
	factor : ID .  (126)
	factor : ID . '.' ID  (128)
	inicio_llamado : ID . '('  (135)
	inicio_llamado : ID . '.' ID '('  (136)

	'('  shift 100
	'.'  shift 101
	error  reduce 126
	'+'  reduce 126
	'-'  reduce 126
	'*'  reduce 126
	'/'  reduce 126
	ELSE  reduce 126
	ENDIF  reduce 126
	PRINT  reduce 126
	RETURN  reduce 126
	DO  reduce 126
	ID  reduce 126
	FLECHA  reduce 126
	EQ  reduce 126
	GEQ  reduce 126
	LEQ  reduce 126
	NEQ  reduce 126
	'{'  reduce 126
	')'  reduce 126
	';'  reduce 126
	'>'  reduce 126
	'<'  reduce 126
	'='  reduce 126
	'!'  reduce 126


state 60
	factor : TRUNC . '(' CTE ')'  (131)
	factor : TRUNC . '(' CTE error  (132)
	factor : TRUNC . error CTE ')'  (133)
	factor : TRUNC . error CTE error  (134)

	error  shift 102
	'('  shift 103
	.  error


state 61
	condicion_if : '(' . condicion ')'  (72)
	condicion_if : '(' . condicion  (74)

	error  shift 56
	'-'  shift 57
	CTE  shift 58
	ID  shift 59
	TRUNC  shift 60
	.  error

	expresion  goto 62
	condicion  goto 104
	termino  goto 65
	factor  goto 66
	inicio_llamado  goto 67


state 62
	condicion : expresion . comp expresion  (86)
	condicion : expresion . error expresion ')'  (87)
	expresion : expresion . '+' termino  (108)
	expresion : expresion . '-' termino  (109)
	expresion : expresion . '+' error  (112)
	expresion : expresion . '-' error  (114)

	error  shift 105
	'+'  shift 106
	'-'  shift 107
	EQ  shift 108
	GEQ  shift 109
	LEQ  shift 110
	NEQ  shift 111
	'>'  shift 112
	'<'  shift 113
	'='  shift 114
	'!'  shift 115
	.  error

	comp  goto 116


state 63
	sentencia_if : if condicion_if . cuerpo_ejecutable else cuerpo_ejecutable end_if  (59)
	sentencia_if : if condicion_if . cuerpo_ejecutable end_if  (60)

	PRINT  shift 10
	RETURN  shift 11
	ID  shift 12
	'{'  shift 72
	.  error

	sentencia_return  goto 117
	list_vars_mix  goto 23
	cuerpo_ejecutable  goto 118
	bloque_ejecutable  goto 119
	sentencia_ejecutable_simple  goto 120
	asignacion_simple  goto 121
	asignacion_multiple  goto 122
	sentencia_print  goto 123
	var_asignacion_simple  goto 32


state 64
	condicion_if : condicion . ')'  (73)
	condicion_if : condicion .  (75)

	')'  shift 124
	PRINT  reduce 75
	RETURN  reduce 75
	ID  reduce 75
	'{'  reduce 75


state 65
	expresion : termino .  (110)
	termino : termino . '*' factor  (117)
	termino : termino . '/' factor  (118)
	termino : termino . '*' error  (120)
	termino : termino . '/' error  (122)

	'*'  shift 125
	'/'  shift 126
	error  reduce 110
	'+'  reduce 110
	'-'  reduce 110
	ELSE  reduce 110
	ENDIF  reduce 110
	PRINT  reduce 110
	RETURN  reduce 110
	DO  reduce 110
	ID  reduce 110
	FLECHA  reduce 110
	EQ  reduce 110
	GEQ  reduce 110
	LEQ  reduce 110
	NEQ  reduce 110
	'{'  reduce 110
	')'  reduce 110
	';'  reduce 110
	'>'  reduce 110
	'<'  reduce 110
	'='  reduce 110
	'!'  reduce 110


state 66
	termino : factor .  (125)

	.  reduce 125


state 67
	factor : inicio_llamado . parametros_reales ')'  (129)

	error  shift 127
	'-'  shift 57
	CTE  shift 58
	ID  shift 59
	TRUNC  shift 60
	.  error

	expresion  goto 128
	parametros_reales  goto 129
	parametro_real  goto 130
	termino  goto 65
	factor  goto 66
	inicio_llamado  goto 67


state 68
	condicion_while : '(' . condicion ')'  (76)
	condicion_while : '(' . condicion  (78)

	error  shift 56
	'-'  shift 57
	CTE  shift 58
	ID  shift 59
	TRUNC  shift 60
	.  error

	expresion  goto 62
	condicion  goto 131
	termino  goto 65
	factor  goto 66
	inicio_llamado  goto 67


state 69
	sentencia_while : while condicion_while . do cuerpo_ejecutable  (64)
	do : .  (66)

	DO  shift 132
	PRINT  reduce 66
	RETURN  reduce 66
	ID  reduce 66
	'{'  reduce 66

	do  goto 133


state 70
	condicion_while : condicion . ')'  (77)
	condicion_while : condicion .  (79)

	')'  shift 134
	PRINT  reduce 79
	RETURN  reduce 79
	DO  reduce 79
	ID  reduce 79
	'{'  reduce 79


state 71
	asignacion_simple : var_asignacion_simple ASIG . expresion  (98)

	error  shift 56
	'-'  shift 57
	CTE  shift 58
	ID  shift 59
	TRUNC  shift 60
	.  error

	expresion  goto 135
	termino  goto 65
	factor  goto 66
	inicio_llamado  goto 67


state 72
	bloque_ejecutable : '{' . lista_sentencias_ejecutable '}'  (55)
	bloque_ejecutable : '{' . '}'  (56)

	WHILE  shift 8
	IF  shift 9
	PRINT  shift 10
	RETURN  shift 11
	ID  shift 12
	'}'  shift 136
	'('  shift 15
	.  error

	sentencia_ejecutable  goto 137
	sentencia_return  goto 22
	list_vars_mix  goto 23
	asignacion_simple  goto 24
	asignacion_multiple  goto 25
	sentencia_print  goto 26
	sentencia_if  goto 27
	expresion_lambda  goto 28
	sentencia_while  goto 29
	lista_sentencias_ejecutable  goto 138
	if  goto 30
	while  goto 31
	var_asignacion_simple  goto 32
	header_lambda  goto 33


state 73
	expresion_lambda : header_lambda bloque_ejecutable . $$1 '(' factor_lambda ')'  (104)
	$$1 : .  (103)

	.  reduce 103

	$$1  goto 139


state 74
	programa : nombre_programa '{' list_sentencia '}' .  (1)
	programa : nombre_programa '{' list_sentencia '}' . '}'  (2)

	'}'  shift 140
	$end  reduce 1


state 75
	sentencia_print : PRINT '(' CADENA . ')'  (61)

	')'  shift 141
	.  error


state 76
	sentencia_print : PRINT '(' ')' .  (63)

	.  reduce 63


state 77
	sentencia_print : PRINT '(' expresion . ')'  (62)
	expresion : expresion . '+' termino  (108)
	expresion : expresion . '-' termino  (109)
	expresion : expresion . '+' error  (112)
	expresion : expresion . '-' error  (114)

	'+'  shift 106
	'-'  shift 107
	')'  shift 142
	.  error


state 78
	sentencia_return : RETURN '(' expresion . ')'  (28)
	expresion : expresion . '+' termino  (108)
	expresion : expresion . '-' termino  (109)
	expresion : expresion . '+' error  (112)
	expresion : expresion . '-' error  (114)

	'+'  shift 106
	'-'  shift 107
	')'  shift 143
	.  error


state 79
	list_vars_mix : ID '.' ID .  (35)
	var_asignacion_simple : ID '.' ID .  (100)

	ID  reduce 35
	ASIG  reduce 100
	','  reduce 35
	'='  reduce 35


state 80
	header_lambda : '(' tipo ID . ')'  (102)

	')'  shift 144
	.  error


state 81
	parametro_formal : error ID .  (26)

	.  reduce 26


state 82
	declaracion_funcion : header_funcion parametros_formales ')' . '{' list_sentencia '}'  (8)

	'{'  shift 145
	.  error


state 83
	parametros_formales : parametros_formales ',' . parametro_formal  (20)

	error  shift 40
	CR  shift 41
	ULONG  shift 13
	.  error

	tipo  goto 43
	parametro_formal  goto 146
	semantica  goto 45


state 84
	parametro_formal : tipo error .  (24)

	.  reduce 24


state 85
	parametro_formal : tipo ID .  (22)

	.  reduce 22


state 86
	parametro_formal : semantica error . ID  (25)

	ID  shift 147
	.  error


state 87
	parametro_formal : semantica tipo . ID  (21)
	parametro_formal : semantica tipo . error  (23)

	error  shift 148
	ID  shift 149
	.  error


state 88
	header_funcion : tipo ID '(' .  (9)

	.  reduce 9


state 89
	list_vars : list_vars ID .  (41)

	.  reduce 41


state 90
	list_vars : list_vars ',' . ID  (40)

	ID  shift 150
	.  error


state 91
	list_vars_mix : list_vars_mix ID '.' . ID  (38)

	ID  shift 151
	.  error


state 92
	list_vars_mix : list_vars_mix ',' ID .  (34)
	list_vars_mix : list_vars_mix ',' ID . '.' ID  (36)

	'.'  shift 152
	ID  reduce 34
	','  reduce 34
	'='  reduce 34


state 93
	list_ctes : CTE .  (30)

	.  reduce 30


state 94
	list_ctes : list_ctes . ',' CTE  (31)
	list_ctes : list_ctes . CTE  (32)
	asignacion_multiple : list_vars_mix '=' list_ctes .  (101)

	CTE  shift 153
	','  shift 154
	error  reduce 101
	ELSE  reduce 101
	ENDIF  reduce 101
	';'  reduce 101


state 95
	expresion : error '+' . termino  (111)
	expresion : error '+' . error  (115)

	error  shift 155
	'-'  shift 57
	CTE  shift 58
	ID  shift 59
	TRUNC  shift 60
	.  error

	termino  goto 156
	factor  goto 66
	inicio_llamado  goto 67


state 96
	expresion : error '-' . termino  (113)
	expresion : error '-' . error  (116)

	error  shift 157
	'-'  shift 57
	CTE  shift 58
	ID  shift 59
	TRUNC  shift 60
	.  error

	termino  goto 158
	factor  goto 66
	inicio_llamado  goto 67


state 97
	termino : error '*' . factor  (119)
	termino : error '*' . error  (123)

	error  shift 159
	'-'  shift 57
	CTE  shift 58
	ID  shift 59
	TRUNC  shift 60
	.  error

	factor  goto 160
	inicio_llamado  goto 67


state 98
	termino : error '/' . factor  (121)
	termino : error '/' . error  (124)

	error  shift 161
	'-'  shift 57
	CTE  shift 58
	ID  shift 59
	TRUNC  shift 60
	.  error

	factor  goto 162
	inicio_llamado  goto 67


state 99
	factor : '-' CTE .  (130)

	.  reduce 130


state 100
	inicio_llamado : ID '(' .  (135)

	.  reduce 135


state 101
	factor : ID '.' . ID  (128)
	inicio_llamado : ID '.' . ID '('  (136)

	ID  shift 163
	.  error


state 102
	factor : TRUNC error . CTE ')'  (133)
	factor : TRUNC error . CTE error  (134)

	CTE  shift 164
	.  error


state 103
	factor : TRUNC '(' . CTE ')'  (131)
	factor : TRUNC '(' . CTE error  (132)

	CTE  shift 165
	.  error


state 104
	condicion_if : '(' condicion . ')'  (72)
	condicion_if : '(' condicion .  (74)

	')'  shift 166
	PRINT  reduce 74
	RETURN  reduce 74
	ID  reduce 74
	'{'  reduce 74


state 105
	condicion : expresion error . expresion ')'  (87)

	error  shift 56
	'-'  shift 57
	CTE  shift 58
	ID  shift 59
	TRUNC  shift 60
	.  error

	expresion  goto 167
	termino  goto 65
	factor  goto 66
	inicio_llamado  goto 67


state 106
	expresion : expresion '+' . termino  (108)
	expresion : expresion '+' . error  (112)

	error  shift 168
	'-'  shift 57
	CTE  shift 58
	ID  shift 59
	TRUNC  shift 60
	.  error

	termino  goto 169
	factor  goto 66
	inicio_llamado  goto 67


state 107
	expresion : expresion '-' . termino  (109)
	expresion : expresion '-' . error  (114)

	error  shift 170
	'-'  shift 57
	CTE  shift 58
	ID  shift 59
	TRUNC  shift 60
	.  error

	termino  goto 171
	factor  goto 66
	inicio_llamado  goto 67


state 108
	comp : EQ .  (88)

	.  reduce 88


state 109
	comp : GEQ .  (89)

	.  reduce 89


state 110
	comp : LEQ .  (90)

	.  reduce 90


state 111
	comp : NEQ .  (91)

	.  reduce 91


state 112
	comp : '>' .  (92)

	.  reduce 92


state 113
	comp : '<' .  (93)

	.  reduce 93


state 114
	comp : '=' .  (94)
	comp : '=' . '<'  (95)
	comp : '=' . '>'  (96)

	'>'  shift 172
	'<'  shift 173
	error  reduce 94
	'-'  reduce 94
	CTE  reduce 94
	ID  reduce 94
	TRUNC  reduce 94


state 115
	comp : '!' . '='  (97)

	'='  shift 174
	.  error


state 116
	condicion : expresion comp . expresion  (86)

	error  shift 56
	'-'  shift 57
	CTE  shift 58
	ID  shift 59
	TRUNC  shift 60
	.  error

	expresion  goto 175
	termino  goto 65
	factor  goto 66
	inicio_llamado  goto 67


state 117
	sentencia_ejecutable_simple : sentencia_return .  (46)

	.  reduce 46


state 118
	sentencia_if : if condicion_if cuerpo_ejecutable . else cuerpo_ejecutable end_if  (59)
	sentencia_if : if condicion_if cuerpo_ejecutable . end_if  (60)
	end_if : .  (71)

	ELSE  shift 176
	ENDIF  shift 177
	error  reduce 71
	';'  reduce 71

	else  goto 178
	end_if  goto 179


state 119
	cuerpo_ejecutable : bloque_ejecutable .  (42)

	.  reduce 42


state 120
	cuerpo_ejecutable : sentencia_ejecutable_simple .  (43)

	.  reduce 43


state 121
	sentencia_ejecutable_simple : asignacion_simple .  (44)

	.  reduce 44


state 122
	sentencia_ejecutable_simple : asignacion_multiple .  (45)

	.  reduce 45


state 123
	sentencia_ejecutable_simple : sentencia_print .  (47)

	.  reduce 47


state 124
	condicion_if : condicion ')' .  (73)

	.  reduce 73


state 125
	termino : termino '*' . factor  (117)
	termino : termino '*' . error  (120)

	error  shift 180
	'-'  shift 57
	CTE  shift 58
	ID  shift 59
	TRUNC  shift 60
	.  error

	factor  goto 181
	inicio_llamado  goto 67


state 126
	termino : termino '/' . factor  (118)
	termino : termino '/' . error  (122)

	error  shift 182
	'-'  shift 57
	CTE  shift 58
	ID  shift 59
	TRUNC  shift 60
	.  error

	factor  goto 183
	inicio_llamado  goto 67


state 127
	parametros_reales : error .  (82)
	expresion : error . '+' termino  (111)
	expresion : error . '-' termino  (113)
	expresion : error . '+' error  (115)
	expresion : error . '-' error  (116)
	termino : error . '*' factor  (119)
	termino : error . '/' factor  (121)
	termino : error . '*' error  (123)
	termino : error . '/' error  (124)

	'+'  shift 95
	'-'  shift 96
	'*'  shift 97
	'/'  shift 98
	')'  reduce 82
	','  reduce 82


state 128
	parametro_real : expresion . FLECHA ID  (83)
	parametro_real : expresion . FLECHA error  (84)
	parametro_real : expresion . ID  (85)
	expresion : expresion . '+' termino  (108)
	expresion : expresion . '-' termino  (109)
	expresion : expresion . '+' error  (112)
	expresion : expresion . '-' error  (114)

	'+'  shift 106
	'-'  shift 107
	ID  shift 184
	FLECHA  shift 185
	.  error


state 129
	parametros_reales : parametros_reales . ',' parametro_real  (81)
	factor : inicio_llamado parametros_reales . ')'  (129)

	')'  shift 186
	','  shift 187
	.  error


state 130
	parametros_reales : parametro_real .  (80)

	.  reduce 80


state 131
	condicion_while : '(' condicion . ')'  (76)
	condicion_while : '(' condicion .  (78)

	')'  shift 188
	PRINT  reduce 78
	RETURN  reduce 78
	DO  reduce 78
	ID  reduce 78
	'{'  reduce 78


state 132
	do : DO .  (65)

	.  reduce 65


state 133
	sentencia_while : while condicion_while do . cuerpo_ejecutable  (64)

	PRINT  shift 10
	RETURN  shift 11
	ID  shift 12
	'{'  shift 72
	.  error

	sentencia_return  goto 117
	list_vars_mix  goto 23
	cuerpo_ejecutable  goto 189
	bloque_ejecutable  goto 119
	sentencia_ejecutable_simple  goto 120
	asignacion_simple  goto 121
	asignacion_multiple  goto 122
	sentencia_print  goto 123
	var_asignacion_simple  goto 32


state 134
	condicion_while : condicion ')' .  (77)

	.  reduce 77


state 135
	asignacion_simple : var_asignacion_simple ASIG expresion .  (98)
	expresion : expresion . '+' termino  (108)
	expresion : expresion . '-' termino  (109)
	expresion : expresion . '+' error  (112)
	expresion : expresion . '-' error  (114)

	'+'  shift 106
	'-'  shift 107
	error  reduce 98
	ELSE  reduce 98
	ENDIF  reduce 98
	';'  reduce 98


state 136
	bloque_ejecutable : '{' '}' .  (56)

	.  reduce 56


state 137
	lista_sentencias_ejecutable : sentencia_ejecutable . punto_y_coma  (58)

	error  shift 49
	';'  shift 50
	.  error

	punto_y_coma  goto 190


state 138
	bloque_ejecutable : '{' lista_sentencias_ejecutable . '}'  (55)
	lista_sentencias_ejecutable : lista_sentencias_ejecutable . sentencia_ejecutable punto_y_coma  (57)

	WHILE  shift 8
	IF  shift 9
	PRINT  shift 10
	RETURN  shift 11
	ID  shift 12
	'}'  shift 191
	'('  shift 15
	.  error

	sentencia_ejecutable  goto 192
	sentencia_return  goto 22
	list_vars_mix  goto 23
	asignacion_simple  goto 24
	asignacion_multiple  goto 25
	sentencia_print  goto 26
	sentencia_if  goto 27
	expresion_lambda  goto 28
	sentencia_while  goto 29
	if  goto 30
	while  goto 31
	var_asignacion_simple  goto 32
	header_lambda  goto 33


state 139
	expresion_lambda : header_lambda bloque_ejecutable $$1 . '(' factor_lambda ')'  (104)

	'('  shift 193
	.  error


state 140
	programa : nombre_programa '{' list_sentencia '}' '}' .  (2)

	.  reduce 2


state 141
	sentencia_print : PRINT '(' CADENA ')' .  (61)

	.  reduce 61


state 142
	sentencia_print : PRINT '(' expresion ')' .  (62)

	.  reduce 62


state 143
	sentencia_return : RETURN '(' expresion ')' .  (28)

	.  reduce 28


state 144
	header_lambda : '(' tipo ID ')' .  (102)

	.  reduce 102


state 145
	declaracion_funcion : header_funcion parametros_formales ')' '{' . list_sentencia '}'  (8)
	list_sentencia : .  (11)

	.  reduce 11

	list_sentencia  goto 194


state 146
	parametros_formales : parametros_formales ',' parametro_formal .  (20)

	.  reduce 20


state 147
	parametro_formal : semantica error ID .  (25)

	.  reduce 25


state 148
	parametro_formal : semantica tipo error .  (23)

	.  reduce 23


state 149
	parametro_formal : semantica tipo ID .  (21)

	.  reduce 21


state 150
	list_vars : list_vars ',' ID .  (40)

	.  reduce 40


state 151
	list_vars_mix : list_vars_mix ID '.' ID .  (38)

	.  reduce 38


state 152
	list_vars_mix : list_vars_mix ',' ID '.' . ID  (36)

	ID  shift 195
	.  error


state 153
	list_ctes : list_ctes CTE .  (32)

	.  reduce 32


state 154
	list_ctes : list_ctes ',' . CTE  (31)

	CTE  shift 196
	.  error


state 155
	expresion : error '+' error .  (115)
	termino : error . '*' factor  (119)
	termino : error . '/' factor  (121)
	termino : error . '*' error  (123)
	termino : error . '/' error  (124)

	'*'  shift 97
	'/'  shift 98
	error  reduce 115
	'+'  reduce 115
	'-'  reduce 115
	ELSE  reduce 115
	ENDIF  reduce 115
	PRINT  reduce 115
	RETURN  reduce 115
	DO  reduce 115
	ID  reduce 115
	FLECHA  reduce 115
	EQ  reduce 115
	GEQ  reduce 115
	LEQ  reduce 115
	NEQ  reduce 115
	'{'  reduce 115
	')'  reduce 115
	';'  reduce 115
	'>'  reduce 115
	'<'  reduce 115
	'='  reduce 115
	'!'  reduce 115


state 156
	expresion : error '+' termino .  (111)
	termino : termino . '*' factor  (117)
	termino : termino . '/' factor  (118)
	termino : termino . '*' error  (120)
	termino : termino . '/' error  (122)

	'*'  shift 125
	'/'  shift 126
	error  reduce 111
	'+'  reduce 111
	'-'  reduce 111
	ELSE  reduce 111
	ENDIF  reduce 111
	PRINT  reduce 111
	RETURN  reduce 111
	DO  reduce 111
	ID  reduce 111
	FLECHA  reduce 111
	EQ  reduce 111
	GEQ  reduce 111
	LEQ  reduce 111
	NEQ  reduce 111
	'{'  reduce 111
	')'  reduce 111
	';'  reduce 111
	'>'  reduce 111
	'<'  reduce 111
	'='  reduce 111
	'!'  reduce 111


state 157
	expresion : error '-' error .  (116)
	termino : error . '*' factor  (119)
	termino : error . '/' factor  (121)
	termino : error . '*' error  (123)
	termino : error . '/' error  (124)

	'*'  shift 97
	'/'  shift 98
	error  reduce 116
	'+'  reduce 116
	'-'  reduce 116
	ELSE  reduce 116
	ENDIF  reduce 116
	PRINT  reduce 116
	RETURN  reduce 116
	DO  reduce 116
	ID  reduce 116
	FLECHA  reduce 116
	EQ  reduce 116
	GEQ  reduce 116
	LEQ  reduce 116
	NEQ  reduce 116
	'{'  reduce 116
	')'  reduce 116
	';'  reduce 116
	'>'  reduce 116
	'<'  reduce 116
	'='  reduce 116
	'!'  reduce 116


state 158
	expresion : error '-' termino .  (113)
	termino : termino . '*' factor  (117)
	termino : termino . '/' factor  (118)
	termino : termino . '*' error  (120)
	termino : termino . '/' error  (122)

	'*'  shift 125
	'/'  shift 126
	error  reduce 113
	'+'  reduce 113
	'-'  reduce 113
	ELSE  reduce 113
	ENDIF  reduce 113
	PRINT  reduce 113
	RETURN  reduce 113
	DO  reduce 113
	ID  reduce 113
	FLECHA  reduce 113
	EQ  reduce 113
	GEQ  reduce 113
	LEQ  reduce 113
	NEQ  reduce 113
	'{'  reduce 113
	')'  reduce 113
	';'  reduce 113
	'>'  reduce 113
	'<'  reduce 113
	'='  reduce 113
	'!'  reduce 113


state 159
	termino : error '*' error .  (123)

	.  reduce 123


state 160
	termino : error '*' factor .  (119)

	.  reduce 119


state 161
	termino : error '/' error .  (124)

	.  reduce 124


state 162
	termino : error '/' factor .  (121)

	.  reduce 121


state 163
	factor : ID '.' ID .  (128)
	inicio_llamado : ID '.' ID . '('  (136)

	'('  shift 197
	error  reduce 128
	'+'  reduce 128
	'-'  reduce 128
	'*'  reduce 128
	'/'  reduce 128
	ELSE  reduce 128
	ENDIF  reduce 128
	PRINT  reduce 128
	RETURN  reduce 128
	DO  reduce 128
	ID  reduce 128
	FLECHA  reduce 128
	EQ  reduce 128
	GEQ  reduce 128
	LEQ  reduce 128
	NEQ  reduce 128
	'{'  reduce 128
	')'  reduce 128
	';'  reduce 128
	'>'  reduce 128
	'<'  reduce 128
	'='  reduce 128
	'!'  reduce 128


state 164
	factor : TRUNC error CTE . ')'  (133)
	factor : TRUNC error CTE . error  (134)

	error  shift 198
	')'  shift 199
	.  error


state 165
	factor : TRUNC '(' CTE . ')'  (131)
	factor : TRUNC '(' CTE . error  (132)

	error  shift 200
	')'  shift 201
	.  error


state 166
	condicion_if : '(' condicion ')' .  (72)

	.  reduce 72


state 167
	condicion : expresion error expresion . ')'  (87)
	expresion : expresion . '+' termino  (108)
	expresion : expresion . '-' termino  (109)
	expresion : expresion . '+' error  (112)
	expresion : expresion . '-' error  (114)

	'+'  shift 106
	'-'  shift 107
	')'  shift 202
	.  error


state 168
	expresion : expresion '+' error .  (112)
	termino : error . '*' factor  (119)
	termino : error . '/' factor  (121)
	termino : error . '*' error  (123)
	termino : error . '/' error  (124)

	'*'  shift 97
	'/'  shift 98
	error  reduce 112
	'+'  reduce 112
	'-'  reduce 112
	ELSE  reduce 112
	ENDIF  reduce 112
	PRINT  reduce 112
	RETURN  reduce 112
	DO  reduce 112
	ID  reduce 112
	FLECHA  reduce 112
	EQ  reduce 112
	GEQ  reduce 112
	LEQ  reduce 112
	NEQ  reduce 112
	'{'  reduce 112
	')'  reduce 112
	';'  reduce 112
	'>'  reduce 112
	'<'  reduce 112
	'='  reduce 112
	'!'  reduce 112


state 169
	expresion : expresion '+' termino .  (108)
	termino : termino . '*' factor  (117)
	termino : termino . '/' factor  (118)
	termino : termino . '*' error  (120)
	termino : termino . '/' error  (122)

	'*'  shift 125
	'/'  shift 126
	error  reduce 108
	'+'  reduce 108
	'-'  reduce 108
	ELSE  reduce 108
	ENDIF  reduce 108
	PRINT  reduce 108
	RETURN  reduce 108
	DO  reduce 108
	ID  reduce 108
	FLECHA  reduce 108
	EQ  reduce 108
	GEQ  reduce 108
	LEQ  reduce 108
	NEQ  reduce 108
	'{'  reduce 108
	')'  reduce 108
	';'  reduce 108
	'>'  reduce 108
	'<'  reduce 108
	'='  reduce 108
	'!'  reduce 108


state 170
	expresion : expresion '-' error .  (114)
	termino : error . '*' factor  (119)
	termino : error . '/' factor  (121)
	termino : error . '*' error  (123)
	termino : error . '/' error  (124)

	'*'  shift 97
	'/'  shift 98
	error  reduce 114
	'+'  reduce 114
	'-'  reduce 114
	ELSE  reduce 114
	ENDIF  reduce 114
	PRINT  reduce 114
	RETURN  reduce 114
	DO  reduce 114
	ID  reduce 114
	FLECHA  reduce 114
	EQ  reduce 114
	GEQ  reduce 114
	LEQ  reduce 114
	NEQ  reduce 114
	'{'  reduce 114
	')'  reduce 114
	';'  reduce 114
	'>'  reduce 114
	'<'  reduce 114
	'='  reduce 114
	'!'  reduce 114


state 171
	expresion : expresion '-' termino .  (109)
	termino : termino . '*' factor  (117)
	termino : termino . '/' factor  (118)
	termino : termino . '*' error  (120)
	termino : termino . '/' error  (122)

	'*'  shift 125
	'/'  shift 126
	error  reduce 109
	'+'  reduce 109
	'-'  reduce 109
	ELSE  reduce 109
	ENDIF  reduce 109
	PRINT  reduce 109
	RETURN  reduce 109
	DO  reduce 109
	ID  reduce 109
	FLECHA  reduce 109
	EQ  reduce 109
	GEQ  reduce 109
	LEQ  reduce 109
	NEQ  reduce 109
	'{'  reduce 109
	')'  reduce 109
	';'  reduce 109
	'>'  reduce 109
	'<'  reduce 109
	'='  reduce 109
	'!'  reduce 109


state 172
	comp : '=' '>' .  (96)

	.  reduce 96


state 173
	comp : '=' '<' .  (95)

	.  reduce 95


state 174
	comp : '!' '=' .  (97)

	.  reduce 97


state 175
	condicion : expresion comp expresion .  (86)
	expresion : expresion . '+' termino  (108)
	expresion : expresion . '-' termino  (109)
	expresion : expresion . '+' error  (112)
	expresion : expresion . '-' error  (114)

	'+'  shift 106
	'-'  shift 107
	PRINT  reduce 86
	RETURN  reduce 86
	DO  reduce 86
	ID  reduce 86
	'{'  reduce 86
	')'  reduce 86


state 176
	else : ELSE .  (67)

	.  reduce 67


state 177
	end_if : ENDIF .  (70)

	.  reduce 70


state 178
	sentencia_if : if condicion_if cuerpo_ejecutable else . cuerpo_ejecutable end_if  (59)

	PRINT  shift 10
	RETURN  shift 11
	ID  shift 12
	'{'  shift 72
	.  error

	sentencia_return  goto 117
	list_vars_mix  goto 23
	cuerpo_ejecutable  goto 203
	bloque_ejecutable  goto 119
	sentencia_ejecutable_simple  goto 120
	asignacion_simple  goto 121
	asignacion_multiple  goto 122
	sentencia_print  goto 123
	var_asignacion_simple  goto 32


state 179
	sentencia_if : if condicion_if cuerpo_ejecutable end_if .  (60)

	.  reduce 60


state 180
	termino : termino '*' error .  (120)

	.  reduce 120


state 181
	termino : termino '*' factor .  (117)

	.  reduce 117


state 182
	termino : termino '/' error .  (122)

	.  reduce 122


state 183
	termino : termino '/' factor .  (118)

	.  reduce 118


state 184
	parametro_real : expresion ID .  (85)

	.  reduce 85


state 185
	parametro_real : expresion FLECHA . ID  (83)
	parametro_real : expresion FLECHA . error  (84)

	error  shift 204
	ID  shift 205
	.  error


state 186
	factor : inicio_llamado parametros_reales ')' .  (129)

	.  reduce 129


state 187
	parametros_reales : parametros_reales ',' . parametro_real  (81)

	error  shift 56
	'-'  shift 57
	CTE  shift 58
	ID  shift 59
	TRUNC  shift 60
	.  error

	expresion  goto 128
	parametro_real  goto 206
	termino  goto 65
	factor  goto 66
	inicio_llamado  goto 67


state 188
	condicion_while : '(' condicion ')' .  (76)

	.  reduce 76


state 189
	sentencia_while : while condicion_while do cuerpo_ejecutable .  (64)

	.  reduce 64


state 190
	lista_sentencias_ejecutable : sentencia_ejecutable punto_y_coma .  (58)

	.  reduce 58


state 191
	bloque_ejecutable : '{' lista_sentencias_ejecutable '}' .  (55)

	.  reduce 55


state 192
	lista_sentencias_ejecutable : lista_sentencias_ejecutable sentencia_ejecutable . punto_y_coma  (57)

	error  shift 49
	';'  shift 50
	.  error

	punto_y_coma  goto 207


state 193
	expresion_lambda : header_lambda bloque_ejecutable $$1 '(' . factor_lambda ')'  (104)

	'-'  shift 208
	CTE  shift 209
	ID  shift 210
	.  error

	factor_lambda  goto 211


state 194
	declaracion_funcion : header_funcion parametros_formales ')' '{' list_sentencia . '}'  (8)
	list_sentencia : list_sentencia . sentencia  (12)

	WHILE  shift 8
	IF  shift 9
	PRINT  shift 10
	RETURN  shift 11
	ID  shift 12
	ULONG  shift 13
	'}'  shift 212
	'('  shift 15
	.  error

	declaracion_funcion  goto 16
	header_funcion  goto 17
	tipo  goto 18
	sentencia  goto 19
	sentencia_declarativa  goto 20
	sentencia_ejecutable  goto 21
	sentencia_return  goto 22
	list_vars_mix  goto 23
	asignacion_simple  goto 24
	asignacion_multiple  goto 25
	sentencia_print  goto 26
	sentencia_if  goto 27
	expresion_lambda  goto 28
	sentencia_while  goto 29
	if  goto 30
	while  goto 31
	var_asignacion_simple  goto 32
	header_lambda  goto 33


state 195
	list_vars_mix : list_vars_mix ',' ID '.' ID .  (36)

	.  reduce 36


state 196
	list_ctes : list_ctes ',' CTE .  (31)

	.  reduce 31


state 197
	inicio_llamado : ID '.' ID '(' .  (136)

	.  reduce 136


state 198
	factor : TRUNC error CTE error .  (134)

	.  reduce 134


state 199
	factor : TRUNC error CTE ')' .  (133)

	.  reduce 133


state 200
	factor : TRUNC '(' CTE error .  (132)

	.  reduce 132


state 201
	factor : TRUNC '(' CTE ')' .  (131)

	.  reduce 131


state 202
	condicion : expresion error expresion ')' .  (87)

	.  reduce 87


state 203
	sentencia_if : if condicion_if cuerpo_ejecutable else cuerpo_ejecutable . end_if  (59)
	end_if : .  (71)

	ENDIF  shift 177
	error  reduce 71
	';'  reduce 71

	end_if  goto 213


state 204
	parametro_real : expresion FLECHA error .  (84)

	.  reduce 84


state 205
	parametro_real : expresion FLECHA ID .  (83)

	.  reduce 83


state 206
	parametros_reales : parametros_reales ',' parametro_real .  (81)

	.  reduce 81


state 207
	lista_sentencias_ejecutable : lista_sentencias_ejecutable sentencia_ejecutable punto_y_coma .  (57)

	.  reduce 57


state 208
	factor_lambda : '-' . CTE  (107)

	CTE  shift 214
	.  error


state 209
	factor_lambda : CTE .  (106)

	.  reduce 106


state 210
	factor_lambda : ID .  (105)

	.  reduce 105


state 211
	expresion_lambda : header_lambda bloque_ejecutable $$1 '(' factor_lambda . ')'  (104)

	')'  shift 215
	.  error


state 212
	declaracion_funcion : header_funcion parametros_formales ')' '{' list_sentencia '}' .  (8)

	.  reduce 8


state 213
	sentencia_if : if condicion_if cuerpo_ejecutable else cuerpo_ejecutable end_if .  (59)

	.  reduce 59


state 214
	factor_lambda : '-' CTE .  (107)

	.  reduce 107


state 215
	expresion_lambda : header_lambda bloque_ejecutable $$1 '(' factor_lambda ')' .  (104)

	.  reduce 104


36 terminals, 47 nonterminals
137 grammar rules, 216 states
